{
  "stats": {
    "suites": 0,
    "tests": 1,
    "passes": 1,
    "pending": 0,
    "failures": 0,
    "start": "2023-10-10T20:48:50.603Z",
    "end": "2023-10-10T20:48:53.482Z",
    "duration": 2879,
    "testsRegistered": 1,
    "passPercent": 100,
    "pendingPercent": 0,
    "other": 0,
    "hasOther": false,
    "skipped": 0,
    "hasSkipped": false
  },
  "results": [
    {
      "uuid": "4bcd8cc8-1150-492c-844f-0b9603e92c8c",
      "title": "",
      "fullFile": "cypress/e2e/assertionsdemo.cy.js",
      "file": "cypress/e2e/assertionsdemo.cy.js",
      "beforeHooks": [],
      "afterHooks": [],
      "tests": [
        {
          "title": "Assertions Demo",
          "fullTitle": "Assertions Demo",
          "timedOut": null,
          "duration": 996,
          "state": "passed",
          "speed": "fast",
          "pass": true,
          "fail": false,
          "pending": false,
          "context": null,
          "code": "cy.visit(\"https://example.cypress.io\");\ncy.contains(\"get\").click();\ncy.get(\"#query-btn\").should(\"contain\", \"Button\").and(\"have.class\", \"query-btn\").and(\"be.visible\").and(\"be.enabled\");\nexpect(true).to.be.true;\nassert.equal(4, \"4\", \"NOT EQUAL\");\nassert.strictEqual(4, 4, \"NOT EQUAL\");",
          "err": {},
          "uuid": "8952131d-b43a-4e44-ba3e-85e8ba8b3110",
          "parentUUID": "4bcd8cc8-1150-492c-844f-0b9603e92c8c",
          "isHook": false,
          "skipped": false
        }
      ],
      "suites": [],
      "passes": [
        "8952131d-b43a-4e44-ba3e-85e8ba8b3110"
      ],
      "failures": [],
      "pending": [],
      "skipped": [],
      "duration": 996,
      "root": true,
      "rootEmpty": false,
      "_timeout": 2000
    }
  ],
  "meta": {
    "mocha": {
      "version": "7.0.1"
    },
    "mochawesome": {
      "options": {
        "quiet": false,
        "reportFilename": "mochawesome",
        "saveHtml": false,
        "saveJson": true,
        "consoleReporter": "spec",
        "useInlineDiffs": false,
        "code": true
      },
      "version": "7.1.3"
    },
    "marge": {
      "options": {
        "charts": true,
        "overwrite": false,
        "html": false,
        "jsone": true,
        "reportDir": "cypress/reports"
      },
      "version": "6.2.0"
    }
  }
}