{
  "stats": {
    "suites": 0,
    "tests": 3,
    "passes": 3,
    "pending": 0,
    "failures": 0,
    "start": "2023-10-10T20:49:29.059Z",
    "end": "2023-10-10T20:49:29.362Z",
    "duration": 303,
    "testsRegistered": 3,
    "passPercent": 100,
    "pendingPercent": 0,
    "other": 0,
    "hasOther": false,
    "skipped": 0,
    "hasSkipped": false
  },
  "results": [
    {
      "uuid": "45fb3671-d6ed-4eed-b9df-130718ea2638",
      "title": "",
      "fullFile": "cypress/e2e/readwritefules.cy.js",
      "file": "cypress/e2e/readwritefules.cy.js",
      "beforeHooks": [],
      "afterHooks": [],
      "tests": [
        {
          "title": "Read file using Fixture",
          "fullTitle": "Read file using Fixture",
          "timedOut": null,
          "duration": 73,
          "state": "passed",
          "speed": "fast",
          "pass": true,
          "fail": false,
          "pending": false,
          "context": null,
          "code": "cy.fixture(\"example.json\").then(data => {\n  cy.log(data.name);\n  cy.log(data.email);\n});\ncy.log(this.test_date.name);",
          "err": {},
          "uuid": "9f79ea6e-1dd5-4475-9135-4bda55cfbbaa",
          "parentUUID": "45fb3671-d6ed-4eed-b9df-130718ea2638",
          "isHook": false,
          "skipped": false
        },
        {
          "title": "Read file using Read file",
          "fullTitle": "Read file using Read file",
          "timedOut": null,
          "duration": 50,
          "state": "passed",
          "speed": "fast",
          "pass": true,
          "fail": false,
          "pending": false,
          "context": null,
          "code": "cy.readFile(\"./cypress/fixtures/example.json\").then(data => {\n  cy.log(data.name);\n});",
          "err": {},
          "uuid": "b80b62e8-62eb-4e79-a3ab-30da6d558ad8",
          "parentUUID": "45fb3671-d6ed-4eed-b9df-130718ea2638",
          "isHook": false,
          "skipped": false
        },
        {
          "title": "Write file demo",
          "fullTitle": "Write file demo",
          "timedOut": null,
          "duration": 34,
          "state": "passed",
          "speed": "fast",
          "pass": true,
          "fail": false,
          "pending": false,
          "context": null,
          "code": "cy.writeFile(\"sampleFile.txt\", \"Hi\\n\");\ncy.writeFile(\"sampleFile.txt\", \"What is your name ?\", {\n  flag: \"a+\"\n});",
          "err": {},
          "uuid": "faca2859-e1aa-4aee-bbd3-e1ab7941b99d",
          "parentUUID": "45fb3671-d6ed-4eed-b9df-130718ea2638",
          "isHook": false,
          "skipped": false
        }
      ],
      "suites": [],
      "passes": [
        "9f79ea6e-1dd5-4475-9135-4bda55cfbbaa",
        "b80b62e8-62eb-4e79-a3ab-30da6d558ad8",
        "faca2859-e1aa-4aee-bbd3-e1ab7941b99d"
      ],
      "failures": [],
      "pending": [],
      "skipped": [],
      "duration": 157,
      "root": true,
      "rootEmpty": false,
      "_timeout": 2000
    }
  ],
  "meta": {
    "mocha": {
      "version": "7.0.1"
    },
    "mochawesome": {
      "options": {
        "quiet": false,
        "reportFilename": "mochawesome",
        "saveHtml": false,
        "saveJson": true,
        "consoleReporter": "spec",
        "useInlineDiffs": false,
        "code": true
      },
      "version": "7.1.3"
    },
    "marge": {
      "options": {
        "charts": true,
        "overwrite": false,
        "html": false,
        "jsone": true,
        "reportDir": "cypress/reports"
      },
      "version": "6.2.0"
    }
  }
}