{
  "stats": {
    "suites": 1,
    "tests": 3,
    "passes": 2,
    "pending": 0,
    "failures": 1,
    "start": "2023-10-10T20:49:06.272Z",
    "end": "2023-10-10T20:49:24.587Z",
    "duration": 18315,
    "testsRegistered": 3,
    "passPercent": 66.66666666666666,
    "pendingPercent": 0,
    "other": 0,
    "hasOther": false,
    "skipped": 0,
    "hasSkipped": false
  },
  "results": [
    {
      "uuid": "2118192e-482b-4b8f-abcb-be62f3aa7f1c",
      "title": "",
      "fullFile": "cypress/e2e/pomdemo.cy.js",
      "file": "cypress/e2e/pomdemo.cy.js",
      "beforeHooks": [],
      "afterHooks": [],
      "tests": [
        {
          "title": "Login test 3",
          "fullTitle": "Login test 3",
          "timedOut": null,
          "duration": 9511,
          "state": "failed",
          "speed": null,
          "pass": false,
          "fail": true,
          "pending": false,
          "context": null,
          "code": "loginPage.enterUsername(\"Admin\");\nloginPage.enterPassword(\"admin567\");\nloginPage.clickLogin();\ncy.get(\".oxd-brand-banner > img\");\n//   cy.get(\":nth-child(2) > .oxd-input-group > :nth-child(2) > .oxd-input\").type(\n//     \"Admin\"\n//   );\n//   cy.get(\":nth-child(3) > .oxd-input-group > :nth-child(2) > .oxd-input\").type(\n//     \"admin123\"\n//   );\n//   cy.get(\".oxd-button\").click();",
          "err": {
            "message": "AssertionError: Timed out retrying after 4000ms: Expected to find element: `.oxd-brand-banner > img`, but never found it.",
            "estack": "AssertionError: Timed out retrying after 4000ms: Expected to find element: `.oxd-brand-banner > img`, but never found it.\n    at Context.eval (webpack://cypress/./cypress/e2e/pomdemo.cy.js:46:5)",
            "diff": null
          },
          "uuid": "950a1694-d9ff-40eb-97e2-b4d0006201d1",
          "parentUUID": "2118192e-482b-4b8f-abcb-be62f3aa7f1c",
          "isHook": false,
          "skipped": false
        }
      ],
      "suites": [
        {
          "uuid": "f1eb56eb-007e-4ed2-b37a-05068dc040a1",
          "title": "All Login Test",
          "fullFile": "",
          "file": "",
          "beforeHooks": [],
          "afterHooks": [],
          "tests": [
            {
              "title": "Login test 1",
              "fullTitle": "All Login Test Login test 1",
              "timedOut": null,
              "duration": 3175,
              "state": "passed",
              "speed": "fast",
              "pass": true,
              "fail": false,
              "pending": false,
              "context": null,
              "code": "loginPage.enterUsername(\"Admin\");\nloginPage.enterPassword(\"admin123\");\nloginPage.clickLogin();\ncy.get(\".oxd-brand-banner > img\");\n//   cy.get(\":nth-child(2) > .oxd-input-group > :nth-child(2) > .oxd-input\").type(\n//     \"Admin\"\n//   );\n//   cy.get(\":nth-child(3) > .oxd-input-group > :nth-child(2) > .oxd-input\").type(\n//     \"admin123\"\n//   );\n//   cy.get(\".oxd-button\").click();",
              "err": {},
              "uuid": "b6e712e3-c57a-44c0-b3b5-d518c376d44a",
              "parentUUID": "f1eb56eb-007e-4ed2-b37a-05068dc040a1",
              "isHook": false,
              "skipped": false
            },
            {
              "title": "Login test 2",
              "fullTitle": "All Login Test Login test 2",
              "timedOut": null,
              "duration": 2959,
              "state": "passed",
              "speed": "fast",
              "pass": true,
              "fail": false,
              "pending": false,
              "context": null,
              "code": "loginPage.enterUsername(\"Admin\");\nloginPage.enterPassword(\"admin123\");\nloginPage.clickLogin();\ncy.get(\".oxd-brand-banner > img\");\n//   cy.get(\":nth-child(2) > .oxd-input-group > :nth-child(2) > .oxd-input\").type(\n//     \"Admin\"\n//   );\n//   cy.get(\":nth-child(3) > .oxd-input-group > :nth-child(2) > .oxd-input\").type(\n//     \"admin123\"\n//   );\n//   cy.get(\".oxd-button\").click();",
              "err": {},
              "uuid": "1863edd0-c463-4eef-8e25-498b0e8e2db9",
              "parentUUID": "f1eb56eb-007e-4ed2-b37a-05068dc040a1",
              "isHook": false,
              "skipped": false
            }
          ],
          "suites": [],
          "passes": [
            "b6e712e3-c57a-44c0-b3b5-d518c376d44a",
            "1863edd0-c463-4eef-8e25-498b0e8e2db9"
          ],
          "failures": [],
          "pending": [],
          "skipped": [],
          "duration": 6134,
          "root": false,
          "rootEmpty": false,
          "_timeout": 2000
        }
      ],
      "passes": [],
      "failures": [
        "950a1694-d9ff-40eb-97e2-b4d0006201d1"
      ],
      "pending": [],
      "skipped": [],
      "duration": 9511,
      "root": true,
      "rootEmpty": false,
      "_timeout": 2000
    }
  ],
  "meta": {
    "mocha": {
      "version": "7.0.1"
    },
    "mochawesome": {
      "options": {
        "quiet": false,
        "reportFilename": "mochawesome",
        "saveHtml": false,
        "saveJson": true,
        "consoleReporter": "spec",
        "useInlineDiffs": false,
        "code": true
      },
      "version": "7.1.3"
    },
    "marge": {
      "options": {
        "charts": true,
        "overwrite": false,
        "html": false,
        "jsone": true,
        "reportDir": "cypress/reports"
      },
      "version": "6.2.0"
    }
  }
}